0 info it worked if it ends with ok
1 verbose cli [ 'E:\\Installations\\Node JS\\\\node.exe',
1 verbose cli   'E:\\Installations\\Node JS\\node_modules\\npm\\bin\\npm-cli.js',
1 verbose cli   'install',
1 verbose cli   'fs' ]
2 info using npm@1.4.14
3 info using node@v0.10.29
4 verbose node symlink E:\Installations\Node JS\\node.exe
5 warn package.json ChatApp@1.4.14 No repository field.
6 warn package.json ChatApp@1.4.14 No README data
7 verbose readDependencies using package.json deps
8 verbose cache add [ 'fs', null ]
9 verbose cache add name=undefined spec="fs" args=["fs",null]
10 verbose parsed url { protocol: null,
10 verbose parsed url   slashes: null,
10 verbose parsed url   auth: null,
10 verbose parsed url   host: null,
10 verbose parsed url   port: null,
10 verbose parsed url   hostname: null,
10 verbose parsed url   hash: null,
10 verbose parsed url   search: null,
10 verbose parsed url   query: null,
10 verbose parsed url   pathname: 'fs',
10 verbose parsed url   path: 'fs',
10 verbose parsed url   href: 'fs' }
11 silly lockFile 3f4bb586-fs fs
12 verbose lock fs C:\Users\Prathap\AppData\Roaming\npm-cache\3f4bb586-fs.lock
13 silly lockFile 3f4bb586-fs fs
14 silly lockFile 3f4bb586-fs fs
15 verbose addNamed [ 'fs', '' ]
16 verbose addNamed [ null, '*' ]
17 silly lockFile a107b96b-fs fs@
18 verbose lock fs@ C:\Users\Prathap\AppData\Roaming\npm-cache\a107b96b-fs.lock
19 silly addNameRange { name: 'fs', range: '*', hasData: false }
20 verbose url raw fs
21 verbose url resolving [ 'https://registry.npmjs.org/', './fs' ]
22 verbose url resolved https://registry.npmjs.org/fs
23 info trying registry request attempt 1 at 07:51:47
24 http GET https://registry.npmjs.org/fs
25 http 404 https://registry.npmjs.org/fs
26 silly registry.get cb [ 404,
26 silly registry.get   { date: 'Tue, 08 Jul 2014 02:22:00 GMT',
26 silly registry.get     server: 'CouchDB/1.5.0 (Erlang OTP/R14B04)',
26 silly registry.get     etag: '"1OSDV99VBWRHBCJ8QK1200EE7"',
26 silly registry.get     'content-type': 'application/json',
26 silly registry.get     'cache-control': 'max-age=0',
26 silly registry.get     'content-length': '397',
26 silly registry.get     'accept-ranges': 'bytes',
26 silly registry.get     via: '1.1 varnish',
26 silly registry.get     age: '0',
26 silly registry.get     'x-served-by': 'cache-syd1621-SYD',
26 silly registry.get     'x-cache': 'MISS',
26 silly registry.get     'x-cache-hits': '0',
26 silly registry.get     'x-timer': 'S1404786120.089339,VS0,VE190',
26 silly registry.get     vary: 'Accept',
26 silly registry.get     'keep-alive': 'timeout=10, max=50',
26 silly registry.get     connection: 'Keep-Alive' } ]
27 silly lockFile a107b96b-fs fs@
28 silly lockFile a107b96b-fs fs@
29 error 404 Not Found
29 error 404
29 error 404 'fs' is not in the npm registry.
29 error 404 You should bug the author to publish it
29 error 404 It was specified as a dependency of 'ChatApp'
29 error 404
29 error 404 Note that you can also install from a
29 error 404 tarball, folder, or http url, or git url.
30 error System Windows_NT 6.2.9200
31 error command "E:\\Installations\\Node JS\\\\node.exe" "E:\\Installations\\Node JS\\node_modules\\npm\\bin\\npm-cli.js" "install" "fs"
32 error cwd E:\Github_projects\NodeJS_ChatApp
33 error node -v v0.10.29
34 error npm -v 1.4.14
35 error code E404
36 verbose exit [ 1, true ]
